c:\users\pepe\source\repos\mic\mic\debug\vc142.pdb
c:\users\pepe\source\repos\mic\mic\debug\vc142.idb
c:\users\pepe\source\repos\mic\mic\debug\mic.obj
c:\users\pepe\source\repos\mic\mic\debug\customrecorder.obj
c:\users\pepe\source\repos\mic\debug\mic.ilk
c:\users\pepe\source\repos\mic\debug\mic.exe
c:\users\pepe\source\repos\mic\debug\mic.pdb
c:\users\pepe\source\repos\mic\mic\debug\vcpkg.applocal.log
c:\users\pepe\source\repos\mic\debug\sfml-audio-d-2.dll
c:\users\pepe\source\repos\mic\debug\sfml-system-d-2.dll
c:\users\pepe\source\repos\mic\debug\openal32.dll
c:\users\pepe\source\repos\mic\debug\vorbisenc.dll
c:\users\pepe\source\repos\mic\debug\vorbis.dll
c:\users\pepe\source\repos\mic\debug\ogg.dll
c:\users\pepe\source\repos\mic\debug\vorbisfile.dll
c:\users\pepe\source\repos\mic\debug\flac.dll
c:\users\pepe\source\repos\mic\debug\sfml-graphics-d-2.dll
c:\users\pepe\source\repos\mic\debug\sfml-window-d-2.dll
c:\users\pepe\source\repos\mic\debug\freetyped.dll
c:\users\pepe\source\repos\mic\debug\zlibd1.dll
c:\users\pepe\source\repos\mic\debug\bz2d.dll
c:\users\pepe\source\repos\mic\debug\libpng16d.dll
c:\users\pepe\source\repos\mic\debug\brotlidec.dll
c:\users\pepe\source\repos\mic\debug\brotlicommon.dll
c:\users\pepe\source\repos\mic\mic\debug\mic.tlog\cl.command.1.tlog
c:\users\pepe\source\repos\mic\mic\debug\mic.tlog\cl.read.1.tlog
c:\users\pepe\source\repos\mic\mic\debug\mic.tlog\cl.write.1.tlog
c:\users\pepe\source\repos\mic\mic\debug\mic.tlog\link.command.1.tlog
c:\users\pepe\source\repos\mic\mic\debug\mic.tlog\link.read.1.tlog
c:\users\pepe\source\repos\mic\mic\debug\mic.tlog\link.write.1.tlog
c:\users\pepe\source\repos\mic\mic\debug\mic.tlog\mic.write.1u.tlog
