c:\users\pepe\source\repos\cleanmic\cleanmic\debug\vc142.pdb
c:\users\pepe\source\repos\cleanmic\cleanmic\debug\vc142.idb
c:\users\pepe\source\repos\cleanmic\cleanmic\debug\mic.obj
c:\users\pepe\source\repos\cleanmic\cleanmic\debug\customrecorder.obj
c:\users\pepe\source\repos\cleanmic\cleanmic\debug\vcpkg.applocal.log
c:\users\pepe\source\repos\cleanmic\debug\sfml-audio-d-2.dll
c:\users\pepe\source\repos\cleanmic\debug\sfml-system-d-2.dll
c:\users\pepe\source\repos\cleanmic\debug\openal32.dll
c:\users\pepe\source\repos\cleanmic\debug\vorbisenc.dll
c:\users\pepe\source\repos\cleanmic\debug\vorbis.dll
c:\users\pepe\source\repos\cleanmic\debug\ogg.dll
c:\users\pepe\source\repos\cleanmic\debug\vorbisfile.dll
c:\users\pepe\source\repos\cleanmic\debug\flac.dll
c:\users\pepe\source\repos\cleanmic\debug\cleanmic.exe
c:\users\pepe\source\repos\cleanmic\debug\cleanmic.ilk
c:\users\pepe\source\repos\cleanmic\debug\cleanmic.pdb
c:\users\pepe\source\repos\cleanmic\cleanmic\debug\source.obj
c:\users\pepe\source\repos\cleanmic\cleanmic\debug\cleanmic.tlog\cl.command.1.tlog
c:\users\pepe\source\repos\cleanmic\cleanmic\debug\cleanmic.tlog\cl.read.1.tlog
c:\users\pepe\source\repos\cleanmic\cleanmic\debug\cleanmic.tlog\cl.write.1.tlog
c:\users\pepe\source\repos\cleanmic\cleanmic\debug\cleanmic.tlog\cleanmic.write.1u.tlog
c:\users\pepe\source\repos\cleanmic\cleanmic\debug\cleanmic.tlog\link.command.1.tlog
c:\users\pepe\source\repos\cleanmic\cleanmic\debug\cleanmic.tlog\link.read.1.tlog
c:\users\pepe\source\repos\cleanmic\cleanmic\debug\cleanmic.tlog\link.write.1.tlog
